\BOOKMARK [0][-]{chapter.1}{Introduction}{}% 1
\BOOKMARK [1][-]{section.1.1}{Justificacion}{chapter.1}% 2
\BOOKMARK [0][-]{chapter.2}{Preliminaries}{}% 3
\BOOKMARK [1][-]{section.2.1}{Algoritmos gen\351ticos}{chapter.2}% 4
\BOOKMARK [1][-]{section.2.2}{Generaci\363n procedural de contenido}{chapter.2}% 5
\BOOKMARK [2][-]{subsection.2.2.1}{PCG en el \341mbito de videojuegos}{section.2.2}% 6
\BOOKMARK [2][-]{subsection.2.2.2}{\301reas de inter\351s de generaci\363n procedural}{section.2.2}% 7
\BOOKMARK [2][-]{subsection.2.2.3}{Gr\341ficos}{section.2.2}% 8
\BOOKMARK [2][-]{subsection.2.2.4}{Audio}{section.2.2}% 9
\BOOKMARK [2][-]{subsection.2.2.5}{Narrativa}{section.2.2}% 10
\BOOKMARK [2][-]{subsection.2.2.6}{Reglas y Mecanicas}{section.2.2}% 11
\BOOKMARK [2][-]{subsection.2.2.7}{Juegos}{section.2.2}% 12
\BOOKMARK [1][-]{section.2.3}{Algoritmos Geneticos}{chapter.2}% 13
\BOOKMARK [1][-]{section.2.4}{Multi-agent Systems and Models}{chapter.2}% 14
\BOOKMARK [0][-]{chapter.3}{Estado del arte}{}% 15
\BOOKMARK [1][-]{section.3.1}{Competencia IEEE CoG}{chapter.3}% 16
\BOOKMARK [1][-]{section.3.2}{Algoritmos de busqueda}{chapter.3}% 17
\BOOKMARK [1][-]{section.3.3}{Agentes para jugar}{chapter.3}% 18
\BOOKMARK [0][-]{chapter.4}{Propuesta del proyecto}{}% 19
\BOOKMARK [1][-]{section.4.1}{Propuesta utilizada}{chapter.4}% 20
\BOOKMARK [2][-]{subsection.4.1.1}{Generar compuestos de piezas base}{section.4.1}% 21
\BOOKMARK [2][-]{subsection.4.1.2}{Generacion de compuestos mediante objetos de clase}{section.4.1}% 22
\BOOKMARK [2][-]{subsection.4.1.3}{Generar niveles utilizando algoritmos geneticos}{section.4.1}% 23
\BOOKMARK [1][-]{section.4.2}{Propuestas anteriores}{chapter.4}% 24
\BOOKMARK [2][-]{subsection.4.2.1}{Propuesta orientada a metodos}{section.4.2}% 25
\BOOKMARK [2][-]{subsection.4.2.2}{Regla de tercios}{section.4.2}% 26
\BOOKMARK [0][-]{chapter.5}{Implementation}{}% 27
\BOOKMARK [1][-]{section.5.1}{Defining the Input Dataset}{chapter.5}% 28
\BOOKMARK [1][-]{section.5.2}{Preprocessing a Financial Market using Retracements}{chapter.5}% 29
\BOOKMARK [1][-]{section.5.3}{Using Agents to Represent Traders in a Financial Market}{chapter.5}% 30
\BOOKMARK [1][-]{section.5.4}{Optimization of the Agent-Based Model using a Genetic Algorithm}{chapter.5}% 31
\BOOKMARK [2][-]{subsection.5.4.1}{Fitness Function}{section.5.4}% 32
\BOOKMARK [2][-]{subsection.5.4.2}{Selection}{section.5.4}% 33
\BOOKMARK [2][-]{subsection.5.4.3}{Mutation}{section.5.4}% 34
\BOOKMARK [2][-]{subsection.5.4.4}{Crossover}{section.5.4}% 35
\BOOKMARK [2][-]{subsection.5.4.5}{Evolutionary Process}{section.5.4}% 36
\BOOKMARK [0][-]{appendix.A}{}{}% 37
\BOOKMARK [1][-]{section.A.1}{Market Interpretations}{appendix.A}% 38
\BOOKMARK [2][-]{section*.23}{AUD/USD 10 Agents, 10 Rules, 10 Individuals}{section.A.1}% 39
\BOOKMARK [2][-]{section*.26}{AUD/USD 20 Agents, 20 Rules, 20 Individuals}{section.A.1}% 40
\BOOKMARK [2][-]{section*.29}{EUR/GBP 10 Agents, 10 Rules, 10 Individuals}{section.A.1}% 41
\BOOKMARK [2][-]{section*.32}{EUR/GBP 20 Agents, 20 Rules, 20 Individuals}{section.A.1}% 42
\BOOKMARK [2][-]{section*.35}{EUR/USD 4 Agents, 4 Rules, 4 Individuals}{section.A.1}% 43
\BOOKMARK [2][-]{section*.38}{EUR/USD 10 Agents, 10 Rules, 10 Individuals}{section.A.1}% 44
\BOOKMARK [2][-]{section*.41}{EUR/USD 20 Agents, 20 Rules, 20 Individuals}{section.A.1}% 45
\BOOKMARK [2][-]{section*.44}{GBP/USD 4 Agents, 4 Rules, 4 Individuals}{section.A.1}% 46
\BOOKMARK [2][-]{section*.47}{GBP/USD 10 Agents, 10 Rules, 10 Individuals}{section.A.1}% 47
\BOOKMARK [2][-]{section*.50}{GBP/USD 20 Agents, 20 Rules, 20 Individuals}{section.A.1}% 48
\BOOKMARK [2][-]{section*.53}{USD/CAD 4 Agents, 4 Rules, 4 Individuals}{section.A.1}% 49
\BOOKMARK [2][-]{section*.56}{USD/CAD 10 Agents, 10 Rules, 10 Individuals}{section.A.1}% 50
\BOOKMARK [2][-]{section*.59}{USD/CAD 20 Agents, 20 Rules, 20 Individuals}{section.A.1}% 51
